<?xml version="1.0" encoding="UTF-8"?>
<!-- Generated by org.testng.reporters.JUnitXMLReporter -->
<testsuite ignored="0" hostname="DESKTOP-DMBCJ4C" failures="0" tests="3" name="TC_Delete_Applicant_In_Mobile_App" time="140.924" errors="0" timestamp="2022-07-18T15:22:07 IST">
  <testcase classname="com.Super_Admin.TC_Delete_Applicant_In_Mobile_App" name="New_Project" time="5.21"/>
  <testcase classname="com.Super_Admin.TC_Delete_Applicant_In_Mobile_App" name="Select_Contractor" time="42.898"/>
  <testcase classname="com.Super_Admin.TC_Delete_Applicant_In_Mobile_App" name="Credit_Application_Tab" time="80.435"/>
</testsuite> <!-- TC_Delete_Applicant_In_Mobile_App -->
