<?xml version="1.0" encoding="UTF-8"?>
<!-- Generated by org.testng.reporters.JUnitXMLReporter -->
<testsuite ignored="0" hostname="DESKTOP-DMBCJ4C" failures="0" tests="3" name="TC_Doc_Sign_History" time="115.158" errors="0" timestamp="2022-07-18T15:19:46 IST">
  <testcase classname="com.Super_Admin.TC_Doc_Sign_History" name="Search_Project" time="7.386"/>
  <testcase classname="com.Super_Admin.TC_Doc_Sign_History" name="Doc_Sign_History" time="3.187"/>
  <testcase classname="com.Super_Admin.TC_Doc_Sign_History" name="Activity_Logs" time="88.7"/>
</testsuite> <!-- TC_Doc_Sign_History -->
