<?xml version="1.0" encoding="UTF-8"?>
<!-- Generated by org.testng.reporters.JUnitXMLReporter -->
<testsuite ignored="0" hostname="DESKTOP-DMBCJ4C" failures="0" tests="5" name="TC_Income_Reminder" time="132.452" errors="0" timestamp="2022-07-18T15:17:51 IST">
  <testcase classname="com.Super_Admin.TC_Income_Reminder" name="New_Project" time="4.591"/>
  <testcase classname="com.Super_Admin.TC_Income_Reminder" name="Select_Contractor" time="41.551"/>
  <testcase classname="com.Super_Admin.TC_Income_Reminder" name="Credit_Application_Tab" time="46.716"/>
  <testcase classname="com.Super_Admin.TC_Income_Reminder" name="Login_to_Credit_Portal" time="10.243"/>
  <testcase classname="com.Super_Admin.TC_Income_Reminder" name="View_UNS_Project" time="16.781"/>
</testsuite> <!-- TC_Income_Reminder -->
