<?xml version="1.0" encoding="UTF-8"?>
<!-- Generated by org.testng.reporters.JUnitXMLReporter -->
<testsuite ignored="0" hostname="DESKTOP-DMBCJ4C" failures="0" tests="4" name="TC_Sign_on_browser_mail_and_reminder_function" time="186.054" errors="0" timestamp="2022-07-18T15:15:38 IST">
  <testcase classname="com.Super_Admin.TC_Sign_on_browser_mail_and_reminder_function" name="New_Project" time="4.605"/>
  <testcase classname="com.Super_Admin.TC_Sign_on_browser_mail_and_reminder_function" name="Select_Contractor" time="44.198"/>
  <testcase classname="com.Super_Admin.TC_Sign_on_browser_mail_and_reminder_function" name="Credit_Application_Tab" time="49.103"/>
  <testcase classname="com.Super_Admin.TC_Sign_on_browser_mail_and_reminder_function" name="Submit_UNS_Contract" time="75.95"/>
</testsuite> <!-- TC_Sign_on_browser_mail_and_reminder_function -->
