<?xml version="1.0" encoding="UTF-8"?>
<!-- Generated by org.testng.reporters.JUnitXMLReporter -->
<testsuite ignored="0" hostname="DESKTOP-DMBCJ4C" failures="0" tests="8" name="TC_Special_Offer_Project" time="824.76" errors="0" timestamp="2022-07-18T15:12:32 IST">
  <testcase classname="com.Super_Admin.TC_Special_Offer_Project" name="New_Project" time="4.931"/>
  <testcase classname="com.Super_Admin.TC_Special_Offer_Project" name="Select_Contractor" time="43.307"/>
  <testcase classname="com.Super_Admin.TC_Special_Offer_Project" name="Credit_Application_Tab" time="47.177"/>
  <testcase classname="com.Super_Admin.TC_Special_Offer_Project" name="Login_to_Credit_Portal" time="11.841"/>
  <testcase classname="com.Super_Admin.TC_Special_Offer_Project" name="View_UNS_Project" time="218.939"/>
  <testcase classname="com.Super_Admin.TC_Special_Offer_Project" name="Submit_SO_Contract" time="179.637"/>
  <testcase classname="com.Super_Admin.TC_Special_Offer_Project" name="Submit_NTP" time="149.787"/>
  <testcase classname="com.Super_Admin.TC_Special_Offer_Project" name="Funding_Tab" time="157.501"/>
</testsuite> <!-- TC_Special_Offer_Project -->
