<?xml version="1.0" encoding="UTF-8"?>
<!-- Generated by org.testng.reporters.JUnitXMLReporter -->
<testsuite ignored="0" hostname="DESKTOP-DMBCJ4C" failures="0" tests="8" name="TC_UNS_Project" time="716.647" errors="0" timestamp="2022-07-18T14:58:48 IST">
  <testcase classname="com.Super_Admin.TC_UNS_Project" name="New_Project" time="4.856"/>
  <testcase classname="com.Super_Admin.TC_UNS_Project" name="Select_Contractor" time="43.595"/>
  <testcase classname="com.Super_Admin.TC_UNS_Project" name="Credit_Application_Tab" time="46.635"/>
  <testcase classname="com.Super_Admin.TC_UNS_Project" name="Login_to_Credit_Portal" time="10.538"/>
  <testcase classname="com.Super_Admin.TC_UNS_Project" name="View_UNS_Project" time="167.77"/>
  <testcase classname="com.Super_Admin.TC_UNS_Project" name="Submit_UNS_Contract" time="124.587"/>
  <testcase classname="com.Super_Admin.TC_UNS_Project" name="Submit_NTP" time="121.37"/>
  <testcase classname="com.Super_Admin.TC_UNS_Project" name="Funding_Tab" time="184.081"/>
</testsuite> <!-- TC_UNS_Project -->
