<?xml version="1.0" encoding="UTF-8"?>
<!-- Generated by org.testng.reporters.JUnitXMLReporter -->
<testsuite ignored="0" hostname="DESKTOP-DMBCJ4C" failures="0" tests="6" name="Test_With_Two_Signer" time="641.955" errors="0" timestamp="2022-07-18T14:46:51 IST">
  <testcase classname="com.Super_Admin.TC_Test_With_Two_Signer" name="New_Project" time="4.613"/>
  <testcase classname="com.Super_Admin.TC_Test_With_Two_Signer" name="Select_Contractor" time="45.269"/>
  <testcase classname="com.Super_Admin.TC_Test_With_Two_Signer" name="Credit_Application_Tab" time="116.065"/>
  <testcase classname="com.Super_Admin.TC_Test_With_Two_Signer" name="Login_to_Credit_Portal" time="10.602"/>
  <testcase classname="com.Super_Admin.TC_Test_With_Two_Signer" name="View_Project" time="262.649"/>
  <testcase classname="com.Super_Admin.TC_Test_With_Two_Signer" name="Submit_Contract" time="189.271"/>
</testsuite> <!-- Test_With_Two_Signer -->
