<?xml version="1.0" encoding="UTF-8"?>
<testng-results ignored="0" total="1" passed="1" failed="0" skipped="0">
  <reporter-output>
  </reporter-output>
  <suite started-at="2022-07-18T17:38:27 IST" name="Default suite" finished-at="2022-07-18T17:40:30 IST" duration-ms="122264">
    <groups>
    </groups>
    <test started-at="2022-07-18T17:38:27 IST" name="Default test" finished-at="2022-07-18T17:40:30 IST" duration-ms="122264">
      <class name="com.Super_Admin.TC_Create_PACE_Project_Test">
        <test-method is-config="true" signature="TestSetup()[pri:0, instance:com.Super_Admin.TC_Create_PACE_Project_Test@76f2bbc1]" started-at="2022-07-18T17:38:27 IST" name="TestSetup" finished-at="2022-07-18T17:38:53 IST" duration-ms="25264" status="PASS">
          <reporter-output>
          </reporter-output>
        </test-method> <!-- TestSetup -->
        <test-method signature="Funding_Tab()[pri:8, instance:com.Super_Admin.TC_Create_PACE_Project_Test@76f2bbc1]" started-at="2022-07-18T17:38:53 IST" name="Funding_Tab" finished-at="2022-07-18T17:40:30 IST" duration-ms="96894" status="PASS">
          <reporter-output>
          </reporter-output>
        </test-method> <!-- Funding_Tab -->
      </class> <!-- com.Super_Admin.TC_Create_PACE_Project_Test -->
    </test> <!-- Default test -->
  </suite> <!-- Default suite -->
</testng-results>
